<?xml version="1.0" encoding="UTF-8"?>
<testsuite xmlns:xsi="http://www.w3.org/2001/XMLSchema-instance" xsi:noNamespaceSchemaLocation="https://maven.apache.org/surefire/maven-surefire-plugin/xsd/surefire-test-report.xsd" version="3.0.1" name="com.example.petstore.tests.user.UserDeleteTests" time="5.322" tests="2" errors="0" skipped="0" failures="0">
  <properties>
[...]
</properties>
  <testcase name="shouldReturn404WhenDeletingNonExistingUser" classname="com.example.petstore.tests.user.UserDeleteTests" time="1.53"/>
  <testcase name="shouldDeleteUser" classname="com.example.petstore.tests.user.UserDeleteTests" time="3.788"/>
</testsuite>