<?xml version="1.0" encoding="UTF-8"?>
<testsuite xmlns:xsi="http://www.w3.org/2001/XMLSchema-instance" xsi:noNamespaceSchemaLocation="https://maven.apache.org/surefire/maven-surefire-plugin/xsd/surefire-test-report.xsd" version="3.0.1" name="petstore.tests.e2e.Tests" time="137.235" tests="11" errors="0" skipped="0" failures="0">
  <properties>
[...]
</properties>
  <testcase name="shouldCreateUserLoginAndLogout" classname="petstore.tests.e2e.Tests" time="9.446"/>
  <testcase name="shouldCreateAndUpdatePet" classname="petstore.tests.e2e.Tests" time="10.185"/>
  <testcase name="shouldBuyPetHappyPath" classname="petstore.tests.e2e.Tests" time="12.488"/>
  <testcase name="shouldCreatePetPlaceOrderAndDeleteOrder" classname="petstore.tests.e2e.Tests" time="10.071"/>
  <testcase name="shouldHandleUserLifecycle" classname="petstore.tests.e2e.Tests" time="19.21"/>
  <testcase name="shouldCreateUploadImageAndUpdatePet" classname="petstore.tests.e2e.Tests" time="15.359"/>
  <testcase name="shouldCreateTwoIndependentOrders" classname="petstore.tests.e2e.Tests" time="22.015"/>
  <testcase name="shouldCreateAndUpdateUser" classname="petstore.tests.e2e.Tests" time="9.135"/>
  <testcase name="shouldCreateGetAndDeleteUser" classname="petstore.tests.e2e.Tests" time="6.12"/>
  <testcase name="shouldHandleDuplicateUserCreation" classname="petstore.tests.e2e.Tests" time="13.924"/>
  <testcase name="shouldHandleOrderForSoldPet" classname="petstore.tests.e2e.Tests" time="7.683"/>
</testsuite>